Performing C SOURCE FILE Test CMAKE_HAVE_LIBC_PTHREAD failed with the following output:
Change Dir: /home/ubuntu/Desktop/robot_solver_ws/src/build/CMakeFiles/CMakeTmp

Run Build Command(s):/usr/bin/make cmTC_6ed3c/fast && /usr/bin/make -f CMakeFiles/cmTC_6ed3c.dir/build.make CMakeFiles/cmTC_6ed3c.dir/build
make[1]: ディレクトリ '/home/ubuntu/Desktop/robot_solver_ws/src/build/CMakeFiles/CMakeTmp' に入ります
Building C object CMakeFiles/cmTC_6ed3c.dir/src.c.o
/usr/bin/aarch64-linux-gnu-gcc-8   -DCMAKE_HAVE_LIBC_PTHREAD   -o CMakeFiles/cmTC_6ed3c.dir/src.c.o   -c /home/ubuntu/Desktop/robot_solver_ws/src/build/CMakeFiles/CMakeTmp/src.c
Linking C executable cmTC_6ed3c
/usr/bin/cmake -E cmake_link_script CMakeFiles/cmTC_6ed3c.dir/link.txt --verbose=1
/usr/bin/aarch64-linux-gnu-gcc-8  -DCMAKE_HAVE_LIBC_PTHREAD    -rdynamic CMakeFiles/cmTC_6ed3c.dir/src.c.o  -o cmTC_6ed3c 
/usr/bin/ld: CMakeFiles/cmTC_6ed3c.dir/src.c.o: in function `main':
src.c:(.text+0x48): undefined reference to `pthread_create'
/usr/bin/ld: src.c:(.text+0x50): undefined reference to `pthread_detach'
/usr/bin/ld: src.c:(.text+0x5c): undefined reference to `pthread_join'
collect2: error: ld returned 1 exit status
make[1]: *** [CMakeFiles/cmTC_6ed3c.dir/build.make:87: cmTC_6ed3c] エラー 1
make[1]: ディレクトリ '/home/ubuntu/Desktop/robot_solver_ws/src/build/CMakeFiles/CMakeTmp' から出ます
make: *** [Makefile:121: cmTC_6ed3c/fast] エラー 2


Source file was:
#include <pthread.h>

void* test_func(void* data)
{
  return data;
}

int main(void)
{
  pthread_t thread;
  pthread_create(&thread, NULL, test_func, NULL);
  pthread_detach(thread);
  pthread_join(thread, NULL);
  pthread_atfork(NULL, NULL, NULL);
  pthread_exit(NULL);

  return 0;
}

Determining if the function pthread_create exists in the pthreads failed with the following output:
Change Dir: /home/ubuntu/Desktop/robot_solver_ws/src/build/CMakeFiles/CMakeTmp

Run Build Command(s):/usr/bin/make cmTC_18678/fast && /usr/bin/make -f CMakeFiles/cmTC_18678.dir/build.make CMakeFiles/cmTC_18678.dir/build
make[1]: ディレクトリ '/home/ubuntu/Desktop/robot_solver_ws/src/build/CMakeFiles/CMakeTmp' に入ります
Building C object CMakeFiles/cmTC_18678.dir/CheckFunctionExists.c.o
/usr/bin/aarch64-linux-gnu-gcc-8   -DCHECK_FUNCTION_EXISTS=pthread_create   -o CMakeFiles/cmTC_18678.dir/CheckFunctionExists.c.o   -c /usr/share/cmake-3.16/Modules/CheckFunctionExists.c
Linking C executable cmTC_18678
/usr/bin/cmake -E cmake_link_script CMakeFiles/cmTC_18678.dir/link.txt --verbose=1
/usr/bin/aarch64-linux-gnu-gcc-8  -DCHECK_FUNCTION_EXISTS=pthread_create    -rdynamic CMakeFiles/cmTC_18678.dir/CheckFunctionExists.c.o  -o cmTC_18678  -lpthreads 
/usr/bin/ld: -lpthreads が見つかりません
collect2: error: ld returned 1 exit status
make[1]: *** [CMakeFiles/cmTC_18678.dir/build.make:87: cmTC_18678] エラー 1
make[1]: ディレクトリ '/home/ubuntu/Desktop/robot_solver_ws/src/build/CMakeFiles/CMakeTmp' から出ます
make: *** [Makefile:121: cmTC_18678/fast] エラー 2



